<?xml version="1.0" encoding="UTF-8"?>
<testsuite name="gt.edu.umg.task.services.TaskServiceImplTest" tests="6" skipped="0" failures="0" errors="0" timestamp="2023-05-07T07:15:13" hostname="DESKTOP-675FIRF" time="0.03">
  <properties/>
  <testcase name="testFindById()" classname="gt.edu.umg.task.services.TaskServiceImplTest" time="0.009"/>
  <testcase name="testModify2()" classname="gt.edu.umg.task.services.TaskServiceImplTest" time="0.005"/>
  <testcase name="testDelete2()" classname="gt.edu.umg.task.services.TaskServiceImplTest" time="0.003"/>
  <testcase name="testCreate()" classname="gt.edu.umg.task.services.TaskServiceImplTest" time="0.002"/>
  <testcase name="testDelete()" classname="gt.edu.umg.task.services.TaskServiceImplTest" time="0.002"/>
  <testcase name="testModify()" classname="gt.edu.umg.task.services.TaskServiceImplTest" time="0.004"/>
  <system-out><![CDATA[2023-05-07 01:15:13.004  INFO 9944 --- [    Test worker] o.s.t.c.s.DefaultTestContextBootstrapper : Loaded default TestExecutionListener class names from location [META-INF/spring.factories]: [org.springframework.boot.test.autoconfigure.restdocs.RestDocsTestExecutionListener, org.springframework.boot.test.autoconfigure.web.client.MockRestServiceServerResetTestExecutionListener, org.springframework.boot.test.autoconfigure.web.servlet.MockMvcPrintOnlyOnFailureTestExecutionListener, org.springframework.boot.test.autoconfigure.web.servlet.WebDriverTestExecutionListener, org.springframework.boot.test.autoconfigure.webservices.client.MockWebServiceServerTestExecutionListener, org.springframework.boot.test.mock.mockito.MockitoTestExecutionListener, org.springframework.boot.test.mock.mockito.ResetMocksTestExecutionListener, org.springframework.test.context.web.ServletTestExecutionListener, org.springframework.test.context.support.DirtiesContextBeforeModesTestExecutionListener, org.springframework.test.context.event.ApplicationEventsTestExecutionListener, org.springframework.test.context.support.DependencyInjectionTestExecutionListener, org.springframework.test.context.support.DirtiesContextTestExecutionListener, org.springframework.test.context.transaction.TransactionalTestExecutionListener, org.springframework.test.context.jdbc.SqlScriptsTestExecutionListener, org.springframework.test.context.event.EventPublishingTestExecutionListener]
2023-05-07 01:15:13.006  INFO 9944 --- [    Test worker] o.s.t.c.s.DefaultTestContextBootstrapper : Using TestExecutionListeners: [org.springframework.test.context.web.ServletTestExecutionListener@731d0d5c, org.springframework.test.context.support.DirtiesContextBeforeModesTestExecutionListener@5e0442dd, org.springframework.test.context.event.ApplicationEventsTestExecutionListener@18e76101, org.springframework.boot.test.mock.mockito.MockitoTestExecutionListener@79349b61, org.springframework.test.context.support.DependencyInjectionTestExecutionListener@62581ef6, org.springframework.test.context.support.DirtiesContextTestExecutionListener@1e36baca, org.springframework.test.context.transaction.TransactionalTestExecutionListener@3dfa2f64, org.springframework.test.context.jdbc.SqlScriptsTestExecutionListener@60484429, org.springframework.test.context.event.EventPublishingTestExecutionListener@42c55978, org.springframework.boot.test.autoconfigure.restdocs.RestDocsTestExecutionListener@690e4b00, org.springframework.boot.test.autoconfigure.web.client.MockRestServiceServerResetTestExecutionListener@5e3d84a, org.springframework.boot.test.autoconfigure.web.servlet.MockMvcPrintOnlyOnFailureTestExecutionListener@2728add3, org.springframework.boot.test.autoconfigure.web.servlet.WebDriverTestExecutionListener@4fce3ed7, org.springframework.boot.test.autoconfigure.webservices.client.MockWebServiceServerTestExecutionListener@54033a65, org.springframework.boot.test.mock.mockito.ResetMocksTestExecutionListener@4fb99927]
]]></system-out>
  <system-err><![CDATA[]]></system-err>
</testsuite>
