<?xml version="1.0" encoding="UTF-8"?>
<testsuite name="gt.edu.umg.task.services.TaskServiceImplTest" tests="6" skipped="0" failures="0" errors="0" timestamp="2023-05-07T06:32:54" hostname="DESKTOP-675FIRF" time="0.051">
  <properties/>
  <testcase name="testFindById()" classname="gt.edu.umg.task.services.TaskServiceImplTest" time="0.023"/>
  <testcase name="testModify2()" classname="gt.edu.umg.task.services.TaskServiceImplTest" time="0.004"/>
  <testcase name="testDelete2()" classname="gt.edu.umg.task.services.TaskServiceImplTest" time="0.003"/>
  <testcase name="testCreate()" classname="gt.edu.umg.task.services.TaskServiceImplTest" time="0.006"/>
  <testcase name="testDelete()" classname="gt.edu.umg.task.services.TaskServiceImplTest" time="0.003"/>
  <testcase name="testModify()" classname="gt.edu.umg.task.services.TaskServiceImplTest" time="0.006"/>
  <system-out><![CDATA[2023-05-07 00:32:54.765  INFO 18796 --- [    Test worker] o.s.t.c.s.DefaultTestContextBootstrapper : Loaded default TestExecutionListener class names from location [META-INF/spring.factories]: [org.springframework.boot.test.autoconfigure.restdocs.RestDocsTestExecutionListener, org.springframework.boot.test.autoconfigure.web.client.MockRestServiceServerResetTestExecutionListener, org.springframework.boot.test.autoconfigure.web.servlet.MockMvcPrintOnlyOnFailureTestExecutionListener, org.springframework.boot.test.autoconfigure.web.servlet.WebDriverTestExecutionListener, org.springframework.boot.test.autoconfigure.webservices.client.MockWebServiceServerTestExecutionListener, org.springframework.boot.test.mock.mockito.MockitoTestExecutionListener, org.springframework.boot.test.mock.mockito.ResetMocksTestExecutionListener, org.springframework.test.context.web.ServletTestExecutionListener, org.springframework.test.context.support.DirtiesContextBeforeModesTestExecutionListener, org.springframework.test.context.event.ApplicationEventsTestExecutionListener, org.springframework.test.context.support.DependencyInjectionTestExecutionListener, org.springframework.test.context.support.DirtiesContextTestExecutionListener, org.springframework.test.context.transaction.TransactionalTestExecutionListener, org.springframework.test.context.jdbc.SqlScriptsTestExecutionListener, org.springframework.test.context.event.EventPublishingTestExecutionListener]
2023-05-07 00:32:54.765  INFO 18796 --- [    Test worker] o.s.t.c.s.DefaultTestContextBootstrapper : Using TestExecutionListeners: [org.springframework.test.context.web.ServletTestExecutionListener@7591cbd1, org.springframework.test.context.support.DirtiesContextBeforeModesTestExecutionListener@5cdc8499, org.springframework.test.context.event.ApplicationEventsTestExecutionListener@2a30b0cb, org.springframework.boot.test.mock.mockito.MockitoTestExecutionListener@73d7d676, org.springframework.test.context.support.DependencyInjectionTestExecutionListener@8e3449e, org.springframework.test.context.support.DirtiesContextTestExecutionListener@3023f157, org.springframework.test.context.transaction.TransactionalTestExecutionListener@1f3aa970, org.springframework.test.context.jdbc.SqlScriptsTestExecutionListener@5213b887, org.springframework.test.context.event.EventPublishingTestExecutionListener@40c6d1ef, org.springframework.boot.test.autoconfigure.restdocs.RestDocsTestExecutionListener@6f4029e9, org.springframework.boot.test.autoconfigure.web.client.MockRestServiceServerResetTestExecutionListener@257b6c58, org.springframework.boot.test.autoconfigure.web.servlet.MockMvcPrintOnlyOnFailureTestExecutionListener@6ae32ff0, org.springframework.boot.test.autoconfigure.web.servlet.WebDriverTestExecutionListener@1c5cd2ea, org.springframework.boot.test.autoconfigure.webservices.client.MockWebServiceServerTestExecutionListener@72bdbfe9, org.springframework.boot.test.mock.mockito.ResetMocksTestExecutionListener@cda144a]
]]></system-out>
  <system-err><![CDATA[]]></system-err>
</testsuite>
